2025-06-17 00:27:46+0800: GTP Engine starting...
2025-06-17 00:27:46+0800: KataGo v1.7.0
2025-06-17 00:27:46+0800: Using Chinese rules initially, unless GTP/GUI overrides this
2025-06-17 00:27:46+0800: Using 16 CPU thread(s) for search
2025-06-17 00:27:46+0800: nnRandSeed0 = 6196684825173109512
2025-06-17 00:27:46+0800: After dedups: nnModelFile0 = C:\Users\lumine\Downloads\Katagomo\weights\renju.bin.gz useFP16 auto useNHWC auto
2025-06-17 00:27:47+0800: Found OpenCL Platform 0: NVIDIA CUDA (NVIDIA Corporation) (OpenCL 3.0 CUDA 12.7.33)
2025-06-17 00:27:47+0800: Found 1 device(s) on platform 0 with type CPU or GPU or Accelerator
2025-06-17 00:27:47+0800: Found OpenCL Platform 1: AMD Accelerated Parallel Processing (Advanced Micro Devices, Inc.) (OpenCL 2.1 AMD-APP (3444.0))
2025-06-17 00:27:47+0800: Found 1 device(s) on platform 1 with type CPU or GPU or Accelerator
2025-06-17 00:27:47+0800: Found OpenCL Device 0: NVIDIA GeForce RTX 3060 Laptop GPU (NVIDIA Corporation) (score 11000300)
2025-06-17 00:27:47+0800: Found OpenCL Device 1: gfx1035 (Advanced Micro Devices, Inc.) (score 11000200)
2025-06-17 00:27:47+0800: Creating context for OpenCL Platform: NVIDIA CUDA (NVIDIA Corporation) (OpenCL 3.0 CUDA 12.7.33)
2025-06-17 00:27:47+0800: Using OpenCL Device 0: NVIDIA GeForce RTX 3060 Laptop GPU (NVIDIA Corporation) OpenCL 3.0 CUDA (Extensions: cl_khr_global_int32_base_atomics cl_khr_global_int32_extended_atomics cl_khr_local_int32_base_atomics cl_khr_local_int32_extended_atomics cl_khr_fp64 cl_khr_3d_image_writes cl_khr_byte_addressable_store cl_khr_icd cl_khr_gl_sharing cl_nv_compiler_options cl_nv_device_attribute_query cl_nv_pragma_unroll cl_nv_d3d10_sharing cl_khr_d3d10_sharing cl_nv_d3d11_sharing cl_nv_copy_opts cl_nv_create_buffer cl_khr_int64_base_atomics cl_khr_int64_extended_atomics cl_khr_device_uuid cl_khr_pci_bus_info cl_khr_external_semaphore cl_khr_external_memory cl_khr_external_semaphore_win32 cl_khr_external_memory_win32 cl_khr_semaphore)
2025-06-17 00:27:47+0800: Loaded tuning parameters from: C:\Users\lumine\Downloads\Katagomo\katago\engine/KataGoData/opencltuning/tune8_gpuNVIDIAGeForceRTX3060LaptopGPU_x15_y15_c256_mv8.txt
2025-06-17 00:27:47+0800: OpenCL backend thread 0: Device 0 Model version 8
2025-06-17 00:27:47+0800: OpenCL backend thread 0: Device 0 Model name: exporttest-renju
2025-06-17 00:27:48+0800: OpenCL backend thread 0: Device 0 FP16Storage true FP16Compute false FP16TensorCores true
2025-06-17 00:27:48+0800: Loaded neural net with nnXLen 15 nnYLen 15
2025-06-17 00:27:48+0800: Loaded config C:\Users\lumine\Downloads\Katagomo\katago\default.cfg
2025-06-17 00:27:48+0800: Loaded model C:\Users\lumine\Downloads\Katagomo\weights\renju.bin.gz
2025-06-17 00:27:48+0800: Model name: exporttest-renju
2025-06-17 00:27:48+0800: GTP ready, beginning main protocol loop
2025-06-17 00:27:48+0800: Controller: name
2025-06-17 00:27:48+0800: = KataGo
2025-06-17 00:27:48+0800: Controller: version
2025-06-17 00:27:48+0800: = 1.7.0
2025-06-17 00:27:48+0800: Controller: list_commands
2025-06-17 00:27:48+0800: = protocol_version
name
version
known_command
list_commands
quit
boardsize
rectangular_boardsize
clear_board
set_position
komi
play
undo
kata-get-rules
kata-set-rule
kata-set-rules
kata-get-param
kata-set-param
kgs-rules
genmove
genmove_debug
search_debug
clear_cache
showboard
fixed_handicap
place_free_handicap
set_free_handicap
time_settings
kgs-time_settings
time_left
final_score
final_status_list
loadsgf
printsgf
lz-genmove_analyze
kata-genmove_analyze
lz-analyze
kata-analyze
kata-raw-nn
cputime
gomill-cpu_time
kata-debug-print-tc
stop
2025-06-17 00:27:48+0800: Controller: boardsize 15
2025-06-17 00:27:48+0800: = 
2025-06-17 00:27:48+0800: Controller: kata-get-rules
2025-06-17 00:27:48+0800: = {"hasButton":false,"ko":"SIMPLE","scoring":"AREA","suicide":false,"tax":"NONE","whiteHandicapBonus":"N"}
2025-06-17 00:27:48+0800: Controller: kata-analyze 15 pvVisits true
2025-06-17 00:27:48+0800: = 
